Backend server listening at http://localhost:3001
Database and tables ready
Matched tenant: เกรียงไกร คงเมือง (ID: 7)
Matched tenant: เกรียงไกร คงเมือง (ID: 7)
Matched tenant: เกรียงไกร คงเมือง (ID: 7)
No matching tenant found for: กรุง พ. Creating new tenant...
Created new tenant: กรุง พ (ID: 17)
Matched tenant: เกรียงไกร คงเมือง (ID: 7)
Matched tenant: เกรียงไกร คงเมือง (ID: 7)
No matching tenant found for: กรุงเท มหานคร. Creating new tenant...
Created new tenant: กรุงเท มหานคร (ID: 18)
Matched tenant: เกรียงไกร คงเมือง (ID: 7)
Matched tenant: เกรียงไกร คงเมือง (ID: 7)
Matched tenant: เกรียงไกร คงเมือง (ID: 7)
Matched tenant: เกรียงไกร คงเมือง (ID: 7)
Matched tenant: เกรียงไกร คงเมือง (ID: 7)
Matched tenant: เกรียงไกร คงเมือง (ID: 7)
Matched tenant: เกรียงไกร คงเมือง (ID: 7)
Matched tenant: เกรียงไกร คงเมือง (ID: 7)
Matched tenant: เกรียงไกร คงเมือง (ID: 7)
Matched tenant: เกรียงไกร คงเมือง (ID: 7)
Matched tenant: เกรียงไกร คงเมือง (ID: 7)
Matched tenant: เกรียงไกร คงเมือง (ID: 7)
